<?xml version="1.0" encoding="UTF-8"?>
<testsuite name="edu.jsu.mcis.TicTacToeGuiTest" tests="7" skipped="0" failures="0" errors="0" timestamp="2017-01-31T01:33:18" hostname="LAPTOP-DHLE23PC" time="3.974">
  <properties/>
  <testcase name="testGameIsOverByTieIfAllLocationsAreFilled" classname="edu.jsu.mcis.TicTacToeGuiTest" time="3.12"/>
  <testcase name="testGameIsWonByXHorizontallyAcrossTopRow" classname="edu.jsu.mcis.TicTacToeGuiTest" time="0.359"/>
  <testcase name="testMarkXInUpperRightCorner" classname="edu.jsu.mcis.TicTacToeGuiTest" time="0.088"/>
  <testcase name="testMarkOInBottomLeftCorner" classname="edu.jsu.mcis.TicTacToeGuiTest" time="0.156"/>
  <testcase name="testButtonsAreNamedCorrectly" classname="edu.jsu.mcis.TicTacToeGuiTest" time="0.011"/>
  <testcase name="testGameIsNotOverAfterTheFirstMark" classname="edu.jsu.mcis.TicTacToeGuiTest" time="0.08"/>
  <testcase name="testUnableToMarkOverExistingMark" classname="edu.jsu.mcis.TicTacToeGuiTest" time="0.146"/>
  <system-out><![CDATA[]]></system-out>
  <system-err><![CDATA[]]></system-err>
</testsuite>
